[4140:11596:0620/032944.670:ERROR:data_store_impl.cc(131)] Failed to open Data Reduction Proxy DB: 3
[4140:5624:0620/032954.558:WARNING:oom_memory_details.cc(46)] Tab Discards Memory details (161 ms):
GPU [] 20 MB private, 19 MB shared
Browser 19 MB private, 25 MB shared
Tab [securelogin] 15 MB private, 25 MB shared
Extension [Chrome Automation Extension] 7 MB private, 17 MB shared

[4140:5624:0620/033009.548:WARNING:oom_memory_details.cc(46)] Tab Discards Memory details (162 ms):
GPU [] 25 MB private, 20 MB shared
Tab [立命館大学 RUNNERS] 23 MB private, 29 MB shared
Browser 20 MB private, 26 MB shared
Extension [Chrome Automation Extension] 7 MB private, 17 MB shared

[4140:5624:0620/033014.568:WARNING:oom_memory_details.cc(46)] Tab Discards Memory details (164 ms):
GPU [] 25 MB private, 20 MB shared
Tab [立命館大学 RUNNERS] 22 MB private, 29 MB shared
Browser 21 MB private, 26 MB shared
Extension [Chrome Automation Extension] 7 MB private, 17 MB shared

[4140:5624:0620/033019.578:WARNING:oom_memory_details.cc(46)] Tab Discards Memory details (181 ms):
GPU [] 25 MB private, 20 MB shared
Tab [立命館大学 RUNNERS] 24 MB private, 30 MB shared
Browser 20 MB private, 26 MB shared
Extension [Chrome Automation Extension] 7 MB private, 17 MB shared

[4140:5624:0620/033024.609:WARNING:oom_memory_details.cc(46)] Tab Discards Memory details (204 ms):
GPU [] 25 MB private, 20 MB shared
Tab [立命館大学 RUNNERS] 24 MB private, 30 MB shared
Browser 20 MB private, 26 MB shared
Extension [Chrome Automation Extension] 7 MB private, 17 MB shared

[4140:5624:0620/033029.162:INFO:chrome_cryptauth_service.cc(222)] Profile is not authenticated yet; waiting before starting CryptAuth managers.
[4140:11596:0620/033029.256:ERROR:gcm_store_impl.cc(311)] Failed to open database C:\Development\runners_manager\bin\chrome\Data\profile\Default\GCM Store: IO error: C:\Development\runners_manager\bin\chrome\Data\profile\Default\GCM Store/MANIFEST-000001: Unable to create sequential file (ChromeMethodBFE: 7::NewSequentialFile::1)
