[2018-06-30 10:25:07.163903] Start running the program.
[2018-06-30 10:25:39.291594] Due date is 2018-07-05
[2018-06-30 10:25:39.536724] Possible books were returned. Exit.
[2018-07-01 10:25:05.394479] Start running the program.
[2018-07-01 10:25:29.130614] Due date is 2018-07-05
[2018-07-01 10:25:29.286332] Possible books were returned. Exit.
[2018-07-02 10:25:06.826405] Start running the program.
[2018-07-02 10:25:29.231098] Due date is 2018-07-05
[2018-07-02 10:25:29.286156] Possible books were returned. Exit.
[2018-07-03 10:25:07.269825] Start running the program.
[2018-07-03 10:25:35.735003] Due date is 2018-07-05
[2018-07-03 10:25:36.097509] Possible books were returned. Exit.
[2018-07-04 10:25:06.717153] Start running the program.
[2018-07-04 10:25:35.169440] Due date is 2018-07-05
[2018-07-04 10:25:35.309775] Possible books were returned. Exit.
[2018-07-05 10:25:02.923209] Start running the program.
[2018-07-05 10:25:25.458663] Due date is 2018-07-05
[2018-07-05 10:25:28.122638]     ==> Returned.
[2018-07-05 10:25:28.500129] Due date is 2018-07-05
[2018-07-05 10:25:31.488286]     ==> Returned.
[2018-07-05 10:25:31.867049] Due date is 2018-07-13
[2018-07-05 10:25:31.963991] Possible books were returned. Exit.
[2018-07-06 10:25:08.534998] Start running the program.
[2018-07-06 10:25:55.085050] Due date is 2018-07-13
[2018-07-06 10:25:55.176365] Possible books were returned. Exit.
[2018-07-07 10:25:05.044183] Start running the program.
[2018-07-07 10:25:28.783667] Due date is 2018-07-13
[2018-07-07 10:25:28.794009] Possible books were returned. Exit.
[2018-07-08 10:25:05.659457] Start running the program.
[2018-07-08 10:25:33.138973] Due date is 2018-07-13
[2018-07-08 10:25:33.165421] Possible books were returned. Exit.
[2018-07-09 10:25:10.259587] Start running the program.
[2018-07-09 10:25:35.321238] Due date is 2018-07-13
[2018-07-09 10:25:35.419600] Possible books were returned. Exit.
[2018-07-10 10:25:07.524270] Start running the program.
[2018-07-10 10:25:36.164439] Due date is 2018-07-13
[2018-07-10 10:25:36.177432] Possible books were returned. Exit.
[2018-07-11 10:25:10.506211] Start running the program.
[2018-07-11 10:25:36.455483] Due date is 2018-07-13
[2018-07-11 10:25:36.524744] Possible books were returned. Exit.
[2018-07-12 10:25:10.118268] Start running the program.
[2018-07-12 10:25:39.141261] Due date is 2018-07-13
[2018-07-12 10:25:39.204221] Due date is 2018-07-19
[2018-07-12 10:25:39.383775] Possible books were returned. Exit.
[2018-07-13 10:25:06.592781] Start running the program.
[2018-07-13 10:25:44.203159] Due date is 2018-07-13
[2018-07-13 10:25:46.943830]     ==> Returned.
[2018-07-14 10:25:07.427020] Start running the program.
[2018-07-14 10:25:43.815146] No book can be extended! Exit.
[2018-07-15 10:25:06.865692] Start running the program.
[2018-07-15 10:25:46.148463] No book can be extended! Exit.
[2018-07-16 10:25:06.810977] Start running the program.
[2018-07-16 10:25:42.350425] No book can be extended! Exit.
[2018-07-17 10:25:05.951122] Start running the program.
[2018-07-17 10:25:40.931840] No book can be extended! Exit.
[2018-07-18 10:25:07.782534] Start running the program.
[2018-07-18 10:25:46.550540] No book can be extended! Exit.
[2018-07-19 10:25:08.204795] Start running the program.
[2018-07-19 10:25:48.343823] No book can be extended! Exit.
[2018-07-20 10:25:11.971596] Start running the program.
[2018-07-20 10:26:02.716543] No book can be extended! Exit.
[2018-07-21 10:25:08.966196] Start running the program.
[2018-07-21 10:25:43.652636] No book can be extended! Exit.
[2018-07-22 10:25:09.630603] Start running the program.
[2018-07-22 10:25:52.747381] No book can be extended! Exit.
[2018-07-23 10:25:10.278487] Start running the program.
[2018-07-23 10:25:48.086574] No book can be extended! Exit.
[2018-07-24 10:25:09.007696] Start running the program.
[2018-07-24 10:25:50.906389] No book can be extended! Exit.
[2018-07-25 10:25:09.044080] Start running the program.
[2018-07-25 10:25:47.483553] No book can be extended! Exit.
[2018-07-26 10:25:06.925556] Start running the program.
[2018-07-26 10:25:44.457389] No book can be extended! Exit.
[2018-07-27 10:25:06.543322] Start running the program.
[2018-07-27 10:25:36.816773] No book can be extended! Exit.
[2018-07-28 10:25:05.392690] Start running the program.
[2018-07-28 10:25:46.062148] No book can be extended! Exit.
[2018-07-29 10:25:05.986203] Start running the program.
[2018-07-29 10:25:44.625055] No book can be extended! Exit.
[2018-07-30 10:25:06.524986] Start running the program.
[2018-07-30 10:25:41.277693] No book can be extended! Exit.
[2018-07-31 10:25:06.139277] Start running the program.
[2018-07-31 10:25:39.731430] No book can be extended! Exit.
[2018-08-01 09:40:59.005064] Start running the program.
[2018-08-01 09:41:34.457905] No book can be extended! Exit.
